<?xml version="1.0" encoding="UTF-8"?>
<!-- Generated by org.testng.reporters.JUnitXMLReporter -->
<testsuite ignored="0" hostname="DESKTOP-NF3J3DA" failures="0" tests="3" name="Test" time="0.191" errors="0" timestamp="2023-01-21T16:40:17 GMT">
  <testcase classname="automationdemo.AppiumTest" name="appiumTest" time="0.025"/>
  <testcase classname="automationdemo.Restapi" name="restApi" time="0.008"/>
  <testcase classname="automationdemo.SeleniumTest" name="display" time="0.003"/>
</testsuite> <!-- Test -->
