<?xml version="1.0" encoding="UTF-8"?>
<testng-results ignored="0" total="2" passed="2" failed="0" skipped="0">
  <reporter-output>
  </reporter-output>
  <suite started-at="2023-01-21T17:15:23 GMT" name="Suite" finished-at="2023-01-21T17:15:23 GMT" duration-ms="164">
    <groups>
    </groups>
    <test started-at="2023-01-21T17:15:23 GMT" name="Test" finished-at="2023-01-21T17:15:23 GMT" duration-ms="164">
      <class name="automationdemo.Restapi">
        <test-method signature="restApi()[pri:0, instance:automationdemo.Restapi@1700915]" started-at="2023-01-21T17:15:23 GMT" name="restApi" finished-at="2023-01-21T17:15:23 GMT" duration-ms="14" status="PASS">
          <reporter-output>
          </reporter-output>
        </test-method> <!-- restApi -->
      </class> <!-- automationdemo.Restapi -->
      <class name="automationdemo.SeleniumTest">
        <test-method signature="display()[pri:0, instance:automationdemo.SeleniumTest@3f197a46]" started-at="2023-01-21T17:15:23 GMT" name="display" finished-at="2023-01-21T17:15:23 GMT" duration-ms="2" status="PASS">
          <reporter-output>
          </reporter-output>
        </test-method> <!-- display -->
      </class> <!-- automationdemo.SeleniumTest -->
    </test> <!-- Test -->
  </suite> <!-- Suite -->
</testng-results>
