<?xml version="1.0" encoding="UTF-8"?>
<testng-results ignored="0" total="3" passed="3" failed="0" skipped="0">
  <reporter-output>
  </reporter-output>
  <suite started-at="2023-01-21T16:40:17 GMT" name="Suite" finished-at="2023-01-21T16:40:17 GMT" duration-ms="191">
    <groups>
    </groups>
    <test started-at="2023-01-21T16:40:17 GMT" name="Test" finished-at="2023-01-21T16:40:17 GMT" duration-ms="191">
      <class name="automationdemo.Restapi">
        <test-method signature="restApi()[pri:0, instance:automationdemo.Restapi@7b36aa0c]" started-at="2023-01-21T16:40:17 GMT" name="restApi" finished-at="2023-01-21T16:40:17 GMT" duration-ms="8" status="PASS">
          <reporter-output>
          </reporter-output>
        </test-method> <!-- restApi -->
      </class> <!-- automationdemo.Restapi -->
      <class name="automationdemo.AppiumTest">
        <test-method signature="appiumTest()[pri:0, instance:automationdemo.AppiumTest@3527942a]" started-at="2023-01-21T16:40:17 GMT" name="appiumTest" finished-at="2023-01-21T16:40:17 GMT" duration-ms="25" status="PASS">
          <reporter-output>
          </reporter-output>
        </test-method> <!-- appiumTest -->
      </class> <!-- automationdemo.AppiumTest -->
      <class name="automationdemo.SeleniumTest">
        <test-method signature="display()[pri:0, instance:automationdemo.SeleniumTest@5824a83d]" started-at="2023-01-21T16:40:17 GMT" name="display" finished-at="2023-01-21T16:40:17 GMT" duration-ms="3" status="PASS">
          <reporter-output>
          </reporter-output>
        </test-method> <!-- display -->
      </class> <!-- automationdemo.SeleniumTest -->
    </test> <!-- Test -->
  </suite> <!-- Suite -->
</testng-results>
